<?xml version="1.0" encoding="UTF-8"?>
<!-- Generated by org.testng.reporters.JUnitXMLReporter -->
<testsuite ignored="0" hostname="LAPTOP-RNDN99CV" failures="1" tests="1" name="ChromeTest" time="24.255" errors="0" timestamp="2025-07-20T20:03:43 IST">
  <testcase classname="testCases.TC001_AccountRegistration" name="Verify_AccountRegistration" time="20.637">
    <failure type="java.lang.AssertionError" message="null">
      <![CDATA[java.lang.AssertionError: null
at testCases.TC001_AccountRegistration.Verify_AccountRegistration(TC001_AccountRegistration.java:65)
at java.base/java.util.ArrayList.forEach(ArrayList.java:1604)
at java.base/java.util.concurrent.FutureTask.run(FutureTask.java:328)
at java.base/java.util.concurrent.ThreadPoolExecutor.runWorker(ThreadPoolExecutor.java:1095)
at java.base/java.util.concurrent.ThreadPoolExecutor$Worker.run(ThreadPoolExecutor.java:619)
at java.base/java.lang.Thread.run(Thread.java:1447)
... Removed 17 stack frames]]>
    </failure>
  </testcase> <!-- Verify_AccountRegistration -->
</testsuite> <!-- ChromeTest -->
